This is pTeX, Version p2.1.5.beta12, based on TeX, Version 3.14159 (SJIS) (Web2c 7.0) (format=platex 5.8.11)  7 OCT 2006 00:50
**i位相空間論.tex
(i位相空間論.tex
pLaTeX2e <1997/07/02>+2 (based on LaTeX2e <1997/06/01> patch level 0)
(c:/usr/local/share/texmf/tex/platex/local/myjbook.cls
Document Class: myjbook 1997/08/14 v1.3 Okumura's Classes
LaTeX Info: Redefining \sffamily on input line 28.
LaTeX Info: Redefining \ttfamily on input line 31.
(c:/usr/local/share/texmf/tex/platex/local/myjbk10.clo
File: myjbk10.clo 1997/08/14 v1.3 Okumura's Classes
LaTeX Font Info:    Font shape `JY1/mc/m/n' will be
(Font)              scaled to size 9.60999pt on input line 29.
)
\c@part=\count81
\c@chapter=\count82
\c@section=\count83
\c@subsection=\count84
\c@subsubsection=\count85
\c@paragraph=\count86
\c@subparagraph=\count87
\c@figure=\count88
\c@table=\count89
\abovecaptionskip=\skip41
\belowcaptionskip=\skip42
\@lnumwidth=\dimen118
\bibindent=\dimen119
)
(c:/usr/local/share/texmf/tex/latex/graphics/graphicx.sty
Package: graphicx 1997/06/09 v1.0d Enhanced LaTeX Graphics (DPC,SPQR)

(c:/usr/local/share/texmf/tex/latex/graphics/keyval.sty
Package: keyval 1995/09/21 v1.09 key=value parser (DPC)
)
(c:/usr/local/share/texmf/tex/latex/graphics/graphics.sty
Package: graphics 1997/06/07 v1.0d Standard LaTeX Graphics (DPC,SPQR)

(c:/usr/local/share/texmf/tex/latex/graphics/trig.sty
Package: trig 1994/10/16 v1.08 sin cos tan (DPC)
)
(c:/usr/local/share/texmf/tex/latex/config/graphics.cfg)
Package graphics Info: Driver file: dviout.def on input line 84.

(c:/usr/local/share/texmf/tex/latex/graphics/dviout.def
File: dviout.def 1997/6/29 Driver file of `dviout' for LaTeXe
))
\Gin@req@height=\dimen120
\Gin@req@width=\dimen121
)
(c:/usr/local/share/texmf/tex/latex/amsfonts/amsfonts.sty
Package: amsfonts 1997/03/24 v2.2c
\@emptytoks=\toks15
\symAMSa=\mathgroup4
\symAMSb=\mathgroup5
LaTeX Font Info:    Overwriting math alphabet `\mathfrak' in version `bold'
(Font)                  U/euf/m/n --> U/euf/b/n on input line 133.
)
(c:/usr/local/share/texmf/tex/latex/amslatex/amsmath.sty
Package: amsmath 1997/03/20 v1.2d AMS math features
\@mathmargin=\skip43

(c:/usr/local/share/texmf/tex/latex/amslatex/amstext.sty
Package: amstext 1996/10/28 v1.2b

(c:/usr/local/share/texmf/tex/latex/amslatex/amsgen.sty
File: amsgen 1996/10/29 v1.2b
\@emptytoks=\toks16
\ex@=\dimen122
))
(c:/usr/local/share/texmf/tex/latex/amslatex/amsbsy.sty
Package: amsbsy 1996/10/28 v1.2b
\pmbraise@=\dimen123
)
(c:/usr/local/share/texmf/tex/latex/amslatex/amsopn.sty
Package: amsopn 1996/10/28 v1.2b operator names
)
LaTeX Info: Redefining \frac on input line 188.
\uproot@=\count90
\leftroot@=\count91
\classnum@=\count92
\DOTSCASE@=\count93
LaTeX Info: Redefining \dots on input line 335.
LaTeX Info: Redefining \ldots on input line 418.
LaTeX Info: Redefining \cdots on input line 422.
\Mathstrutbox@=\box41
\strutbox@=\box42
\big@size=\dimen124
LaTeX Font Info:    Redeclaring font encoding OML on input line 500.
LaTeX Font Info:    Redeclaring font encoding OMS on input line 501.
\skewcharcount@=\count94
\familycount@=\count95
\pointcount@=\count96
\accentdimen@=\dimen125
\accentmu@=\count97
\minaw@=\dimen126
\c@MaxMatrixCols=\count98
\dotsspace@=\muskip10
\c@parentequation=\count99
\dspbrk@lvl=\count100
\tag@help=\toks17
\row@=\count101
\column@=\count102
\maxfields@=\count103
\andhelp@=\toks18
\eqnshift@=\dimen127
\alignsep@=\dimen128
\tagshift@=\dimen129
\tagwidth@=\dimen130
\totwidth@=\dimen131
\lineht@=\dimen132
\@envbody=\toks19
\multlinegap=\skip44
\multlinetaggap=\skip45
)
(c:/usr/local/share/texmf/tex/latex/amsfonts/amssymb.sty
Package: amssymb 1996/11/03 v2.2b
)
(c:/usr/local/share/texmf/tex/latex/amsfonts/eucal.sty
Package: eucal 1995/01/06 v2.2 Euler Script fonts
LaTeX Font Info:    Overwriting math alphabet `\EuScript' in version `bold'
(Font)                  U/eus/m/n --> U/eus/b/n on input line 47.
)
(c:/usr/local/share/texmf/tex/latex/base/latexsym.sty
Package: latexsym 1996/11/20 v2.2d Standard LaTeX package (lasy symbols)
\symlasy=\mathgroup6
LaTeX Font Info:    Overwriting symbol font `lasy' in version `bold'
(Font)                  U/lasy/m/n --> U/lasy/b/n on input line 85.
)
(c:/usr/local/share/texmf/tex/latex/misc/epic.sty
Enhancements to Picture Environment. Version 1.2 - Released June 1, 1986
\@@multicnt=\count104
\d@lta=\count105
\@delta=\dimen133
\@@delta=\dimen134
\@gridcnt=\count106
\@joinkind=\count107
\@dotgap=\dimen135
\@ddotgap=\dimen136
\@x@diff=\count108
\@y@diff=\count109
\x@diff=\dimen137
\y@diff=\dimen138
\@dotbox=\box43
\num@segments=\count110
\num@segmentsi=\count111
\@datafile=\read1
) (c:/usr/local/share/texmf/tex/latex/misc/eepic.sty
Extension to Epic and LaTeX. Version 1.1b - Released Febrary 7, 1988
\@gphlinewidth=\count112
\@eepictcnt=\count113
\@tempdimc=\dimen139
\maxovaldiam=\dimen140
\@filltype=\box44
) (c:/usr/local/share/texmf/tex/platex/base/ascmac.sty
(c:/usr/local/share/texmf/tex/platex/base/tascmac.sty
\@savetbaselineshift=\dimen141
\@saveybaselineshift=\dimen142
\scb@x=\box45
\scscb@x=\box46
\@bw=\dimen143
\@nbox=\box47
\@nbody=\box48
\@scw=\dimen144
\@itemh=\dimen145
\@iboxstr=\toks20
\@iboxpos=\toks21
\@bwsp=\box49
\@@bwsp=\box50
\@bcal=\count114
\shaderule=\dimen146
))
(c:/usr/local/share/texmf/tex/latex/amslatex/amscd.sty
Package: amscd 1996/10/28 v1.2b
\athelp@=\toks22
\bigaw@=\dimen147
\minCDarrowwidth=\dimen148
)
(c:/usr/local/share/texmf/tex/generic/xypic/xy.sty
(c:/usr/local/share/texmf/tex/generic/xypic/xy.tex Bootstrap'ing: catcodes,
docmode, (c:/usr/local/share/texmf/tex/generic/xypic/xyrecat.tex)
(c:/usr/local/share/texmf/tex/generic/xypic/xyidioms.tex)

 Xy-pic version 3.7 <1999/02/16>
 Copyright (c) 1991-1998 by Kristoffer H. Rose <krisrose@ens-lyon.fr>
 Xy-pic is free software: see the User's Guide for details.

Loading kernel: messages; fonts; allocations: state,
\X@c=\dimen149
\Y@c=\dimen150
\U@c=\dimen151
\D@c=\dimen152
\L@c=\dimen153
\R@c=\dimen154
\Edge@c=\toks23
\X@p=\dimen155
\Y@p=\dimen156
\U@p=\dimen157
\D@p=\dimen158
\L@p=\dimen159
\R@p=\dimen160
\Edge@p=\toks24
\X@origin=\dimen161
\Y@origin=\dimen162
\X@xbase=\dimen163
\Y@xbase=\dimen164
\X@ybase=\dimen165
\Y@ybase=\dimen166
\X@min=\dimen167
\Y@min=\dimen168
\X@max=\dimen169
\Y@max=\dimen170
\lastobjectbox@=\box51
\zerodotbox@=\box52
\almostz@=\dimen171
 direction,
\d@X=\dimen172
\d@Y=\dimen173
\K@=\count115
\KK@=\count116
\Direction=\count117
\K@dXdY=\dimen174
\K@dYdX=\dimen175
\xyread@=\read2
\xywrite@=\write3
\csp@=\count118
\quotPTK@=\dimen176

utility macros; pictures: \xy, positions,
\swaptoks@@=\toks25
\connectobjectbox@@=\box53
 objects,
\styletoks@=\toks26
 decorations;
kernel objects: directionals, circles, text; options; algorithms: directions,
edges, connections;  Xy-pic loaded)
Package: xy 1999/02/16 Xy-pic version 3.7

(c:/usr/local/share/texmf/tex/generic/xypic/xyall.tex
 Xy-pic option: All features v.3.3
(c:/usr/local/share/texmf/tex/generic/xypic/xycurve.tex
 Xy-pic option: Curve and Spline extension v.3.7 curve,
\crv@cnt@=\count119
\crvpts@=\toks27
\splinebox@=\box54
\splineval@=\dimen177
\splinedepth@=\dimen178
\splinetol@=\dimen179
\splinelength@=\dimen180
 circles,
\L@=\dimen181
 loaded)
(c:/usr/local/share/texmf/tex/generic/xypic/xyframe.tex
 Xy-pic option: Frame and Bracket extension v.3.7 loaded)
(c:/usr/local/share/texmf/tex/generic/xypic/xycmtip.tex
 Xy-pic option: Computer Modern tip extension v.3.3
(c:/usr/local/share/texmf/tex/generic/xypic/xytips.tex
 Xy-pic option: More Tips extension v.3.3 loaded) loaded)
(c:/usr/local/share/texmf/tex/generic/xypic/xyline.tex
 Xy-pic option: Line styles extension v.3.6
\xylinethick@=\dimen182
 loaded)
(c:/usr/local/share/texmf/tex/generic/xypic/xyrotate.tex
 Xy-pic option: Rotate and Scale extension v.3.3 loaded)
(c:/usr/local/share/texmf/tex/generic/xypic/xycolor.tex
 Xy-pic option: Colour extension v.3.3 loaded)
(c:/usr/local/share/texmf/tex/generic/xypic/xymatrix.tex
 Xy-pic option: Matrix feature v.3.4
\Row=\count120
\Col=\count121
\queue@=\toks28
\queue@@=\toks29
\qcount@=\count122
\qcount@@=\count123
\matrixsize@=\count124
 loaded)
(c:/usr/local/share/texmf/tex/generic/xypic/xyarrow.tex
 Xy-pic option: Arrow and Path feature v.3.5 path, \ar, loaded)
(c:/usr/local/share/texmf/tex/generic/xypic/xygraph.tex
 Xy-pic option: Graph feature v.3.7 loaded) loaded)) (i位相空間論.aux
(shugo0.aux) (isou1.aux) (isou1x2.aux) (isou1x3.aux) (isou1x4.aux) (isou1x5.aux
) (isou1x6.aux) (isou1x7.aux) (isou1x8.aux) (isou1x9.aux) (isou1x10.aux)
(isou2.aux) (isou2x2.aux) (isou2x3.aux) (isou2x4.aux) (isou2x5.aux)
(isou2x6.aux) (isou2x7.aux) (isou2x8.aux) (isou2x9.aux) (isou2x10.aux))
\openout1 = `i位相空間論.aux'.

LaTeX Font Info:    Checking defaults for OML/cmm/m/it on input line 48.
LaTeX Font Info:    ... okay on input line 48.
LaTeX Font Info:    Checking defaults for T1/cmr/m/n on input line 48.
LaTeX Font Info:    ... okay on input line 48.
LaTeX Font Info:    Checking defaults for OT1/cmr/m/n on input line 48.
LaTeX Font Info:    ... okay on input line 48.
LaTeX Font Info:    Checking defaults for OMS/cmsy/m/n on input line 48.
LaTeX Font Info:    ... okay on input line 48.
LaTeX Font Info:    Checking defaults for OMX/cmex/m/n on input line 48.
LaTeX Font Info:    ... okay on input line 48.
LaTeX Font Info:    Checking defaults for U/cmr/m/n on input line 48.
LaTeX Font Info:    ... okay on input line 48.
LaTeX Font Info:    Checking defaults for JY1/mc/m/n on input line 48.
LaTeX Font Info:    ... okay on input line 48.
LaTeX Font Info:    Checking defaults for JT1/mc/m/n on input line 48.
LaTeX Font Info:    ... okay on input line 48.
LaTeX Font Info:    Font shape `JY1/mc/m/n' will be
(Font)              scaled to size 23.90964pt on input line 53.
LaTeX Font Info:    Font shape `JY1/gt/m/n' will be
(Font)              scaled to size 23.90964pt on input line 53.

(i位相空間論.toc
LaTeX Font Info:    Font shape `JY1/mc/m/n' will be
(Font)              scaled to size 11.53198pt on input line 1.
LaTeX Font Info:    Font shape `JY1/gt/m/n' will be
(Font)              scaled to size 11.53198pt on input line 1.
LaTeX Font Info:    Font shape `JY1/gt/m/n' will be
(Font)              scaled to size 9.60999pt on input line 2.
LaTeX Font Info:    Try loading font information for U+msa on input line 3.
 (c:/usr/local/share/texmf/tex/latex/amsfonts/umsa.fd
File: umsa.fd 1995/01/05 v2.2e AMS font definitions
)
LaTeX Font Info:    Try loading font information for U+msb on input line 3.

(c:/usr/local/share/texmf/tex/latex/amsfonts/umsb.fd
File: umsb.fd 1995/01/05 v2.2e AMS font definitions
)
LaTeX Font Info:    Try loading font information for U+lasy on input line 3.

(c:/usr/local/share/texmf/tex/latex/base/ulasy.fd
File: ulasy.fd 1996/11/20 v2.2dLaTeX symbol font definitions
))
\tf@toc=\write4
\openout4 = `i位相空間論.toc'.

LaTeX Font Info:    Font shape `JY1/mc/bx/n' in size <10> not available
(Font)              Font shape `JY1/gt/m/n' tried instead on input line 55.
LaTeX Font Info:    Font shape `JY1/gt/m/n' will be
(Font)              scaled to size 9.60999pt on input line 55.
LaTeX Font Info:    Font shape `JT1/mc/bx/n' in size <10> not available
(Font)              Font shape `JT1/gt/m/n' tried instead on input line 55.
 [1



] [2

]
\openout2 = `shugo0.aux'.

 (shugo0.tex
LaTeX Font Info:    Font shape `JY1/mc/m/n' will be
(Font)              scaled to size 19.9311pt on input line 1.
LaTeX Font Info:    Font shape `JY1/gt/m/n' will be
(Font)              scaled to size 19.9311pt on input line 1.

[1


] [2]
第0章
LaTeX Font Info:    Font shape `JY1/mc/m/n' will be
(Font)              scaled to size 13.83836pt on input line 4.
LaTeX Font Info:    Font shape `JY1/gt/m/n' will be
(Font)              scaled to size 13.83836pt on input line 4.
LaTeX Font Info:    Font shape `JY1/mc/m/n' will be
(Font)              scaled to size 6.72699pt on input line 9.
LaTeX Font Info:    Font shape `JY1/mc/m/n' will be
(Font)              scaled to size 7.68799pt on input line 9.
LaTeX Font Info:    Font shape `JY1/mc/m/n' will be
(Font)              scaled to size 5.76599pt on input line 9.
) [3

]
\openout2 = `isou1.aux'.

 (isou1.tex [4



] [5] [6]
第1章
LaTeX Font Info:    Font shape `JY1/mc/m/n' will be
(Font)              scaled to size 4.805pt on input line 12.
[7

]
LaTeX Font Info:    Try loading font information for OMS+cmr on input line 51.
 (c:/usr/local/share/texmf/tex/latex/base/omscmr.fd
File: omscmr.fd 1997/06/16 v2.5e Standard LaTeX font definitions
)
LaTeX Font Info:    Font shape `OMS/cmr/m/n' in size <10> not available
(Font)              Font shape `OMS/cmsy/m/n' tried instead on input line 51.

Overfull \hbox (8.67114pt too wide) in paragraph at lines 55--57
[]$\OML/cmm/m/it/10 d\OT1/cmr/m/n/10 (\OML/cmm/m/it/10 x \OMS/cmsy/m/n/10 ^^@ \
OML/cmm/m/it/10 y; z \OMS/cmsy/m/n/10 ^^@ \OML/cmm/m/it/10 y\OT1/cmr/m/n/10 ) =
 [] = [] =
 []

) [8]
\openout2 = `isou1x2.aux'.

 (isou1x2.tex
LaTeX Font Info:    Font shape `JY1/mc/bx/n' in size <8> not available
(Font)              Font shape `JY1/gt/m/n' tried instead on input line 8.
LaTeX Font Info:    Font shape `JY1/gt/m/n' will be
(Font)              scaled to size 7.68799pt on input line 8.
LaTeX Font Info:    Font shape `JT1/mc/bx/n' in size <8> not available
(Font)              Font shape `JT1/gt/m/n' tried instead on input line 8.
 [9


] [10] [11]) [12]
\openout2 = `isou1x3.aux'.

 (isou1x3.tex
File: fig1x3.bmp Graphic file (type bmp)
 <fig1x3.bmp 297bp x 86bp>
File: fig1x3x2.bmp Graphic file (type bmp)

<fig1x3x2.bmp 82bp x 79bp>
LaTeX Font Info:    Font shape `JY1/mc/m/n' will be
(Font)              scaled to size 8.64899pt on input line 52.
 [13


] [14] [15] [16]
Overfull \hbox (8.41588pt too wide) in paragraph at lines 305--311
\JY1/mc/m/n/10 問題 \OT1/cmr/m/n/10 1.9 \JY1/mc/m/n/10 から明らかなように ， $\
OML/cmm/m/it/10 a[]; []  ; a[]; b[]; []  ; b[]$ \JY1/mc/m/n/10 を正の実数とする
とき $\OT1/cmr/m/n/10 (\U/msb/m/n/10 R[]\OML/cmm/m/it/10 ; d[]\OT1/cmr/m/n/10 )
 \OMS/cmsy/m/n/10 ^^Y \OT1/cmr/m/n/10 (\U/msb/m/n/10 R[]\OML/cmm/m/it/10 ; d[]$

 []

[17]
Overfull \hbox (10.90388pt too wide) in paragraph at lines 351--359
[]\JY1/mc/m/n/10 以上より ， $[][]\OT1/cmr/m/n/10 (\OML/cmm/m/it/10 x[] \OMS/cm
sy/m/n/10 ^^@ \OML/cmm/m/it/10 y[]\OT1/cmr/m/n/10 )[] \U/msa/m/n/10 5 [][]$ \JY
1/mc/m/n/10 が示された ． このとき $[][]\OT1/cmr/m/n/10 (\OML/cmm/m/it/10 x[] \
OMS/cmsy/m/n/10 ^^@ \OML/cmm/m/it/10 y[]\OT1/cmr/m/n/10 )[] \U/msa/m/n/10 5 [][
] 5
 []


Overfull \hbox (80.64575pt too wide) in paragraph at lines 383--383
[] 
 []

[18]) [19]
\openout2 = `isou1x4.aux'.

 (isou1x4.tex

LaTeX Warning: Command \i invalid in math mode on input line 30.

[20


]
Overfull \hbox (7.47711pt too wide) in paragraph at lines 145--149
[]\JY1/mc/m/n/10 上の証明の中で導入された $\OML/cmm/m/it/10 X$ \JY1/mc/m/n/10 
の計量 $\OML/cmm/m/it/10 d []$ \JY1/mc/m/n/10 を ， $\OMS/cmsy/m/n/10 f\OT1/cmr
/m/n/10 (\OML/cmm/m/it/10 X[]; d[]\OT1/cmr/m/n/10 )\OML/cmm/m/it/10 ; []  ; \OT
1/cmr/m/n/10 (\OML/cmm/m/it/10 X[]; d[]\OT1/cmr/m/n/10 )\OMS/cmsy/m/n/10 g$
 []

[21] [22] [23]
Overfull \hbox (26.85812pt too wide) in paragraph at lines 355--358
[]\JY1/mc/m/n/10 一般に ， $\OT1/cmr/m/n/10 (\OML/cmm/m/it/10 X; d\OT1/cmr/m/n/
10 )$ \JY1/mc/m/n/10 を距離空間 ， $\OML/cmm/m/it/10 w \OMS/cmsy/m/n/10 2 \OML/
cmm/m/it/10 X$ \JY1/mc/m/n/10 とするとき ， 写像 $\OML/cmm/m/it/10 d[] \OT1/cmr
/m/n/10 : \OML/cmm/m/it/10 X \OMS/cmsy/m/n/10 ^^B \OML/cmm/m/it/10 X \OMS/cmsy/
m/n/10 ! \U/msb/m/n/10 R$ \JY1/mc/m/n/10 を $\OML/cmm/m/it/10 d[]\OT1/cmr/m/n/1
0 (\OML/cmm/m/it/10 x; y\OT1/cmr/m/n/10 ) = []$
 []


Overfull \hbox (42.0154pt too wide) in paragraph at lines 397--397
[] 
 []

LaTeX Font Info:    Font shape `U/lasy/b/n' in size <7> not available
(Font)              Font shape `U/lasy/m/n' tried instead on input line 420.
LaTeX Font Info:    Font shape `U/lasy/b/n' in size <5> not available
(Font)              Font shape `U/lasy/m/n' tried instead on input line 420.
[24]
File: fig1x4.bmp Graphic file (type bmp)
 <fig1x4.bmp 284bp x 132bp> [25]
Overfull \hbox (3.0803pt too wide) in paragraph at lines 525--525
[] 
 []


Overfull \hbox (41.86732pt too wide) in paragraph at lines 550--550
[] 
 []

[26] [27]

LaTeX Warning: Reference `sec3x2' on page 28 undefined on input line 596.

) [28]
\openout2 = `isou1x5.aux'.

 (isou1x5.tex
LaTeX Font Info:    Try loading font information for U+euf on input line 41.
 (c:/usr/local/share/texmf/tex/latex/amsfonts/ueuf.fd
File: ueuf.fd 1995/01/05 v2.2e AMS font definitions
)
[29


]

LaTeX Warning: Reference `sec4x2' on page 30 undefined on input line 118.

[30]) [31]
\openout2 = `isou1x6.aux'.

 (isou1x6.tex [32


] [33] [34]) [35]
\openout2 = `isou1x7.aux'.

 (isou1x7.tex) [36


]
\openout2 = `isou1x8.aux'.

 (isou1x8.tex)
[37


]
\openout2 = `isou1x9.aux'.

 (isou1x9.tex) [38


]
\openout2 = `isou1x10.aux'.

 (isou1x10.tex) [39


]
\openout2 = `isou2.aux'.

 (isou2.tex [40



]
第2章
) [41]
\openout2 = `isou2x2.aux'.

 (isou2x2.tex) [42


]
\openout2 = `isou2x3.aux'.

 (isou2x3.tex) [43


]
\openout2 = `isou2x4.aux'.

 (isou2x4.tex) [44


]
\openout2 = `isou2x5.aux'.

 (isou2x5.tex)
[45


]
\openout2 = `isou2x6.aux'.

 (isou2x6.tex) [46


]
\openout2 = `isou2x7.aux'.

 (isou2x7.tex) [47


]
\openout2 = `isou2x8.aux'.

 (isou2x8.tex) [48


]
\openout2 = `isou2x9.aux'.

 (isou2x9.tex)
[49


]
\openout2 = `isou2x10.aux'.

 (isou2x10.tex) [50


] (i位相空間論.aux (shugo0.aux) (isou1.aux) (isou1x2.aux) (isou1x3.aux) (isou1x
4.aux) (isou1x5.aux) (isou1x6.aux) (isou1x7.aux)
(isou1x8.aux) (isou1x9.aux) (isou1x10.aux) (isou2.aux) (isou2x2.aux)
(isou2x3.aux) (isou2x4.aux) (isou2x5.aux) (isou2x6.aux) (isou2x7.aux)
(isou2x8.aux) (isou2x9.aux) (isou2x10.aux))

LaTeX Warning: There were undefined references.

 ) 
Here is how much of TeX's memory you used:
 4063 strings out of 10649
 45573 string characters out of 69356
 157455 words of memory out of 250001
 6995 multiletter control sequences out of 10000+0
 27776 words of font info for 129 fonts, out of 100000 for 500
 14 hyphenation exceptions out of 1000
 30i,14n,24p,235b,384s stack positions out of 300i,100n,500p,3000b,4000s

Output written on i位相空間論.dvi (52 pages, 175916 bytes).
